<?xml version="1.0" encoding="UTF-8"?>
<!-- Generated by org.testng.reporters.JUnitReportReporter -->
<testsuite hostname="xoxo" failures="0" tests="1" name="tutorialsNinja.register.TC_RF_013" time="4.257" errors="0" timestamp="2025-01-07T02:02:06 GMT" skipped="0">
  <testcase classname="tutorialsNinja.register.TC_RF_013" name="verifyPlaceholdersRegisterPage" time="4.257"/>
</testsuite> <!-- tutorialsNinja.register.TC_RF_013 -->
