<?xml version="1.0" encoding="UTF-8"?>
<!-- Generated by org.testng.reporters.JUnitReportReporter -->
<testsuite hostname="xoxo" failures="0" tests="1" name="tutorialsNinja.register.TC_RF_025" time="4.185" errors="0" timestamp="2025-01-09T03:48:37 GMT" skipped="0">
  <testcase classname="tutorialsNinja.register.TC_RF_025" name="verifyPageDetails" time="4.185"/>
</testsuite> <!-- tutorialsNinja.register.TC_RF_025 -->
