<?xml version="1.0" encoding="UTF-8"?>
<!-- Generated by org.testng.reporters.JUnitReportReporter -->
<testsuite hostname="xoxo" failures="0" tests="1" name="tutorialsNinja.register.TC_RF_011" time="3.858" errors="0" timestamp="2025-01-07T01:44:05 GMT" skipped="0">
  <testcase classname="tutorialsNinja.register.TC_RF_011" name="verifyInvalidPhone" time="3.858"/>
</testsuite> <!-- tutorialsNinja.register.TC_RF_011 -->
