<?xml version="1.0" encoding="UTF-8"?>
<!-- Generated by org.testng.reporters.JUnitReportReporter -->
<testsuite hostname="xoxo" failures="0" tests="1" name="tutorialsNinja.register.TC_RF_001" time="5.382" errors="0" timestamp="2025-01-06T01:58:37 GMT" skipped="0">
  <testcase classname="tutorialsNinja.register.TC_RF_001" name="verifyRegisterWithMandatoryFields" time="5.382"/>
</testsuite> <!-- tutorialsNinja.register.TC_RF_001 -->
