<?xml version="1.0" encoding="UTF-8"?>
<!-- Generated by org.testng.reporters.JUnitReportReporter -->
<testsuite hostname="xoxo" failures="0" tests="1" name="tutorialsNinja.register.TC_RF_008" time="6.742" errors="0" timestamp="2025-01-06T22:03:31 GMT" skipped="0">
  <testcase classname="tutorialsNinja.register.TC_RF_008" name="verifyDiffConfirmPassword" time="6.742"/>
</testsuite> <!-- tutorialsNinja.register.TC_RF_008 -->
