<?xml version="1.0" encoding="UTF-8"?>
<!-- Generated by org.testng.reporters.JUnitReportReporter -->
<testsuite hostname="xoxo" failures="0" tests="3" name="tutorialsNinja.register.TC_RF_027" time="23.468" errors="0" timestamp="2025-01-09T04:10:07 GMT" skipped="0">
  <testcase classname="tutorialsNinja.register.TC_RF_027" name="verifyRegisterAccountInAllBrowser" time="9.389"/>
  <testcase classname="tutorialsNinja.register.TC_RF_027" name="verifyRegisterAccountInAllBrowser" time="8.286"/>
  <testcase classname="tutorialsNinja.register.TC_RF_027" name="verifyRegisterAccountInAllBrowser" time="5.793"/>
</testsuite> <!-- tutorialsNinja.register.TC_RF_027 -->
