<?xml version="1.0" encoding="UTF-8"?>
<!-- Generated by org.testng.reporters.JUnitReportReporter -->
<testsuite hostname="xoxo" failures="0" tests="1" name="tutorialsNinja.register.TC_RF_003" time="5.173" errors="0" timestamp="2025-01-06T03:26:18 GMT" skipped="0">
  <testcase classname="tutorialsNinja.register.TC_RF_003" name="verifyRegisterWithMandatoryFields" time="5.173"/>
</testsuite> <!-- tutorialsNinja.register.TC_RF_003 -->
