<?xml version="1.0" encoding="UTF-8"?>
<!-- Generated by org.testng.reporters.JUnitReportReporter -->
<testsuite hostname="xoxo" failures="0" tests="1" name="tutorialsNinja.register.TC_RF_024" time="6.693" errors="0" timestamp="2025-01-09T03:34:56 GMT" skipped="0">
  <testcase classname="tutorialsNinja.register.TC_RF_024" name="verifyEveryLinkOnRegisterPage" time="6.693"/>
</testsuite> <!-- tutorialsNinja.register.TC_RF_024 -->
