<?xml version="1.0" encoding="UTF-8"?>
<!-- Generated by org.testng.reporters.JUnitReportReporter -->
<testsuite hostname="xoxo" failures="0" tests="1" name="tutorialsNinja.register.TC_RF_015" time="6.547" errors="0" timestamp="2025-01-09T02:16:46 GMT" skipped="0">
  <testcase classname="tutorialsNinja.register.TC_RF_015" name="VerifyDatabaseEntry" time="6.547"/>
</testsuite> <!-- tutorialsNinja.register.TC_RF_015 -->
