<?xml version="1.0" encoding="UTF-8"?>
<!-- Generated by org.testng.reporters.JUnitReportReporter -->
<testsuite hostname="xoxo" failures="0" tests="1" name="tutorialsNinja.register.TC_RF_006" time="6.158" errors="0" timestamp="2025-01-06T15:15:58 GMT" skipped="0">
  <testcase classname="tutorialsNinja.register.TC_RF_006" name="verifyNoNewsletter" time="6.158"/>
</testsuite> <!-- tutorialsNinja.register.TC_RF_006 -->
