<?xml version="1.0" encoding="UTF-8"?>
<!-- Generated by org.testng.reporters.JUnitReportReporter -->
<testsuite hostname="xoxo" failures="0" tests="1" name="tutorialsNinja.register.TC_RF_016" time="5.587" errors="0" timestamp="2025-01-09T01:43:36 GMT" skipped="0">
  <testcase classname="tutorialsNinja.register.TC_RF_016" name="verifyNotAcceptingSpaces" time="5.587"/>
</testsuite> <!-- tutorialsNinja.register.TC_RF_016 -->
