<?xml version="1.0" encoding="UTF-8"?>
<!-- Generated by org.testng.reporters.JUnitReportReporter -->
<testsuite hostname="xoxo" failures="0" tests="1" name="tutorialsNinja.register.TC_Rf_010" time="7.878" errors="0" timestamp="2025-01-07T01:04:48 GMT" skipped="0">
  <testcase classname="tutorialsNinja.register.TC_Rf_010" name="verifyNotificationWarningMessage" time="7.878"/>
</testsuite> <!-- tutorialsNinja.register.TC_Rf_010 -->
