<?xml version="1.0" encoding="UTF-8"?>
<!-- Generated by org.testng.reporters.JUnitReportReporter -->
<testsuite hostname="xoxo" failures="0" tests="1" name="tutorialsNinja.register.TC_RF_005" time="6.054" errors="0" timestamp="2025-01-06T04:21:57 GMT" skipped="0">
  <testcase classname="tutorialsNinja.register.TC_RF_005" name="verifyNewsletterOption" time="6.054"/>
</testsuite> <!-- tutorialsNinja.register.TC_RF_005 -->
