<?xml version="1.0" encoding="UTF-8"?>
<!-- Generated by org.testng.reporters.JUnitReportReporter -->
<testsuite hostname="xoxo" failures="0" tests="1" name="tutorialsNinja.register.TC_RF_014" time="4.215" errors="0" timestamp="2025-01-09T01:18:08 GMT" skipped="0">
  <testcase classname="tutorialsNinja.register.TC_RF_014" name="verifyAsterikRedColor" time="4.215"/>
</testsuite> <!-- tutorialsNinja.register.TC_RF_014 -->
