<?xml version="1.0" encoding="UTF-8"?>
<!-- Generated by org.testng.reporters.JUnitReportReporter -->
<testsuite hostname="xoxo" failures="0" tests="1" name="tutorialsNinja.register.TC_RF_004" time="4.417" errors="0" timestamp="2025-01-06T04:00:09 GMT" skipped="0">
  <testcase classname="tutorialsNinja.register.TC_RF_004" name="verifyWithoutRequiredFields" time="4.417"/>
</testsuite> <!-- tutorialsNinja.register.TC_RF_004 -->
