<?xml version="1.0" encoding="UTF-8"?>
<!-- Generated by org.testng.reporters.JUnitReportReporter -->
<testsuite hostname="xoxo" failures="0" tests="1" name="tutorialsNinja.register.TC_RF_007" time="8.305" errors="0" timestamp="2025-01-06T21:36:11 GMT" skipped="0">
  <testcase classname="tutorialsNinja.register.TC_RF_007" name="verifyDiffRegisterOption" time="8.305"/>
</testsuite> <!-- tutorialsNinja.register.TC_RF_007 -->
